<?xml version="1.0" encoding="UTF-8"?>
<testsuite xmlns:xsi="http://www.w3.org/2001/XMLSchema-instance" xsi:noNamespaceSchemaLocation="https://maven.apache.org/surefire/maven-surefire-plugin/xsd/surefire-test-report.xsd" name="TestSuite" time="64.635" tests="3" errors="0" skipped="0" failures="0">
  <properties>
[...]
</properties>
  <testcase name="logInLogOutTest" classname="LogInLogOutTest" time="3.041"/>
  <testcase name="bookmarksTest" classname="BookmarksTest" time="21.913"/>
  <testcase name="priceFilterTest" classname="PriceFilterTest" time="7.97"/>
</testsuite>